<?xml version="1.0" encoding="UTF-8"?>
<!-- Generated by org.testng.reporters.JUnitReportReporter -->
<testsuite hostname="WLW7-ABHISHEKK" name="com.javacodegeeks.testng.maven.TestNgMavenSecondClass" tests="1" failures="0" timestamp="7 Feb 2017 07:07:07 GMT" time="0.001" errors="0">
  <testcase name="oneMoreTest" time="0.001" classname="com.javacodegeeks.testng.maven.TestNgMavenSecondClass"/>
</testsuite> <!-- com.javacodegeeks.testng.maven.TestNgMavenSecondClass -->
